<?xml version="1.0" encoding="UTF-8"?>
<!-- Generated by org.testng.reporters.JUnitXMLReporter -->
<testsuite ignored="0" hostname="LAPTOP-S58JSNEH" failures="0" tests="2" name="Error Validation Test" time="46.759" errors="0" timestamp="2025-05-11T00:13:10 IST">
  <testcase classname="com.org.main.tests.ErrorValidationsTest" name="LoginErrorValidation" time="1.426"/>
  <testcase classname="com.org.main.tests.ErrorValidationsTest" name="ProductErrorValidation" time="34.144"/>
</testsuite> <!-- Error Validation Test -->
