<?xml version="1.0" encoding="UTF-8"?>
<!-- Generated by org.testng.reporters.JUnitXMLReporter -->
<testsuite ignored="0" hostname="LAPTOP-S58JSNEH" failures="0" tests="3" name="Submit Order Test" time="74.521" errors="0" timestamp="2025-05-11T00:13:38 IST">
  <testcase classname="com.org.main.tests.SubmitOrderTest" name="submitOrder" time="25.41"/>
  <testcase classname="com.org.main.tests.SubmitOrderTest" name="submitOrder" time="25.202"/>
  <testcase classname="com.org.main.tests.SubmitOrderTest" name="orderHistoryTest" time="6.702"/>
</testsuite> <!-- Submit Order Test -->
